0 info it worked if it ends with ok
1 verbose cli [ 'node', '/usr/local/bin/npm', 'install', '-g' ]
2 info using npm@2.8.3
3 info using node@v0.12.2
4 verbose install initial load of /usr/local/lib/package.json
5 verbose readDependencies loading dependencies from /usr/local/lib/package.json
6 silly cache add args [ '.', null ]
7 verbose cache add spec .
8 silly cache add parsed spec { raw: '.',
8 silly cache add   scope: null,
8 silly cache add   name: null,
8 silly cache add   rawSpec: '.',
8 silly cache add   spec: '/Users/***REMOVED***/Documents/Development Projects/Yes! Get In!/Yes! Get In!/frontend',
8 silly cache add   type: 'local' }
9 error addLocal Could not install /Users/***REMOVED***/Documents/Development Projects/Yes! Get In!/Yes! Get In!/frontend
10 verbose stack Error: EISDIR, read
10 verbose stack     at Error (native)
11 verbose cwd /Users/***REMOVED***/Documents/Development Projects/Yes! Get In!/Yes! Get In!/frontend
12 error Darwin 14.3.0
13 error argv "node" "/usr/local/bin/npm" "install" "-g"
14 error node v0.12.2
15 error npm  v2.8.3
16 error code EISDIR
17 error errno -21
18 error EISDIR, read
19 error If you need help, you may report this error at:
19 error     <https://github.com/npm/npm/issues>
20 verbose exit [ -21, true ]
